<?xml version="1.0" encoding="UTF-8"?>
<Site BuildName="Generic-make.exe"
	BuildStamp="20240122-0648-Experimental"
	Name="DESKTOP-TFVG512"
	Generator="ctest-3.28.1"
	CompilerName="C:/tools/arm-gnu-toolchain-13.2.Rel1-mingw-w64-i686-arm-none-eabi/bin/arm-none-eabi-g++.exe"
	CompilerVersion="13.2.1"
	OSName="Windows"
	Hostname="DESKTOP-TFVG512"
	OSRelease=" Personal"
	OSVersion=" (Build 22631)"
	OSPlatform="AMD64"
	Is64Bits="1"
	VendorString="GenuineIntel"
	VendorID="Intel Corporation"
	FamilyID="6"
	ModelID="7"
	ProcessorCacheSize="-1"
	NumberOfLogicalCPU="20"
	NumberOfPhysicalCPU="12"
	TotalVirtualMemory="34587"
	TotalPhysicalMemory="32539"
	LogicalProcessorsPerPhysical="1"
	ProcessorClockFrequency="2112"
	>
	<Testing>
		<StartDateTime>Jan 22 16:38 [NON-UTF-8-BYTE-0xB4][NON-UTF-8-BYTE-0xEB][NON-UTF-8-BYTE-0xC7]ѹα[NON-UTF-8-BYTE-0xB9] ǥ[NON-UTF-8-BYTE-0xC1]ؽ[NON-UTF-8-BYTE-0xC3]</StartDateTime>
		<StartTestTime>1705909126</StartTestTime>
		<TestList/>
		<EndDateTime>Jan 22 16:38 [NON-UTF-8-BYTE-0xB4][NON-UTF-8-BYTE-0xEB][NON-UTF-8-BYTE-0xC7]ѹα[NON-UTF-8-BYTE-0xB9] ǥ[NON-UTF-8-BYTE-0xC1]ؽ[NON-UTF-8-BYTE-0xC3]</EndDateTime>
		<EndTestTime>1705909126</EndTestTime>
		<ElapsedMinutes>0</ElapsedMinutes>
	</Testing>
</Site>
